Vivado Simulator v2023.1
Copyright 1986-2022 Xilinx, Inc. All Rights Reserved.
Copyright 2022-2023 Advanced Micro Devices, Inc. All Rights Reserved.
Running: D:/Kod/Vivado/2023.1/bin/unwrapped/win64.o/xelab.exe --incr --debug typical --relax --mt 2 -L xil_defaultlib -L uvm -L unisims_ver -L unimacro_ver -L secureip -L xpm --snapshot tb_behav xil_defaultlib.tb xil_defaultlib.glbl -log elaborate.log 
Using 2 slave threads.
Starting static elaboration
Pass Through NonSizing Optimizer
Completed static elaboration
Starting simulation data flow analysis
WARNING: [XSIM 43-4099] "C:/Users/Monster/Xilinx/Vivado_Projects/CS401_LAB4/CS401_LAB4.srcs/sources_1/new/top.sv" Line 1. Module top doesn't have a timescale but at least one module in design has a timescale.
WARNING: [XSIM 43-4099] "C:/Users/Monster/Xilinx/Vivado_Projects/CS401_LAB4/CS401_LAB4.srcs/sources_1/new/top.sv" Line 1. Module top doesn't have a timescale but at least one module in design has a timescale.
Completed simulation data flow analysis
Time Resolution for simulation is 1ps
Compiling module unisims_ver.IBUF
Compiling module unisims_ver.MMCME2_ADV(CLKFBOUT_MULT_F=10.0,...
Compiling module unisims_ver.BUFG
Compiling module xil_defaultlib.clk_wiz_100_to_50_clk_wiz
Compiling module xil_defaultlib.clk_wiz_100_to_50
Compiling module xil_defaultlib.debouncer
Compiling module xil_defaultlib.maindec
Compiling module xil_defaultlib.aludec
Compiling module xil_defaultlib.controller
Compiling module xil_defaultlib.flopenr(WIDTH=32)
Compiling module xil_defaultlib.adder
Compiling module xil_defaultlib.sl2
Compiling module xil_defaultlib.mux2(WIDTH=32)
Compiling module xil_defaultlib.regfile
Compiling module xil_defaultlib.mux2(WIDTH=5)
Compiling module xil_defaultlib.signext
Compiling module xil_defaultlib.alu
Compiling module xil_defaultlib.datapath
Compiling module xil_defaultlib.mips
Compiling module xil_defaultlib.imem
Compiling module xil_defaultlib.dmem
Compiling module xil_defaultlib.core
Compiling module xil_defaultlib.display_controller
Compiling module xil_defaultlib.heartbeat_0_5hz
Compiling module xil_defaultlib.top
Compiling module xil_defaultlib.tb
Compiling module xil_defaultlib.glbl
Built simulation snapshot tb_behav
