
*** Running vivado
    with args -log top.vds -m64 -product Vivado -mode batch -messageDb vivado.pb -notrace -source top.tcl


ECHO is off.
ECHO is off.

****** Vivado v2023.1 (64-bit)
  **** SW Build 3865809 on Sun May  7 15:05:29 MDT 2023
  **** IP Build 3864474 on Sun May  7 20:36:21 MDT 2023
  **** SharedData Build 3865790 on Sun May 07 13:33:03 MDT 2023
    ** Copyright 1986-2022 Xilinx, Inc. All Rights Reserved.
    ** Copyright 2022-2023 Advanced Micro Devices, Inc. All Rights Reserved.

source top.tcl -notrace
create_project: Time (s): cpu = 00:00:05 ; elapsed = 00:00:05 . Memory (MB): peak = 442.199 ; gain = 165.348
Command: read_checkpoint -auto_incremental -incremental C:/Users/tolga/CS401_FPGA/CS401_LAB5/skeleton_project/skeleton_project.srcs/utils_1/imports/synth_1/mips.dcp
INFO: [Vivado 12-5825] Read reference checkpoint from C:/Users/tolga/CS401_FPGA/CS401_LAB5/skeleton_project/skeleton_project.srcs/utils_1/imports/synth_1/mips.dcp for incremental synthesis
INFO: [Vivado 12-7989] Please ensure there are no constraint changes
Command: synth_design -top top -part xc7a100tcsg324-1
Starting synth_design
Attempting to get a license for feature 'Synthesis' and/or device 'xc7a100t'
INFO: [Common 17-349] Got license for feature 'Synthesis' and/or device 'xc7a100t'
INFO: [Device 21-403] Loading part xc7a100tcsg324-1
INFO: [Designutils 20-5440] No compile time benefit to using incremental synthesis; A full resynthesis will be run
INFO: [Designutils 20-4379] Flow is switching to default flow due to incremental criteria not met. If you would like to alter this behaviour and have the flow terminate instead, please set the following parameter config_implementation {autoIncr.Synth.RejectBehavior Terminate}
INFO: [Synth 8-7079] Multithreading enabled for synth_design using a maximum of 2 processes.
INFO: [Synth 8-7078] Launching helper process for spawning children vivado processes
INFO: [Synth 8-7075] Helper process launched with PID 5764
INFO: [Synth 8-11241] undeclared symbol 'in7', assumed default net type 'wire' [C:/Users/tolga/CS401_FPGA/CS401_LAB5/skeleton_project/skeleton_project.srcs/sources_1/new/top.sv:70]
INFO: [Synth 8-11241] undeclared symbol 'in6', assumed default net type 'wire' [C:/Users/tolga/CS401_FPGA/CS401_LAB5/skeleton_project/skeleton_project.srcs/sources_1/new/top.sv:70]
INFO: [Synth 8-11241] undeclared symbol 'in5', assumed default net type 'wire' [C:/Users/tolga/CS401_FPGA/CS401_LAB5/skeleton_project/skeleton_project.srcs/sources_1/new/top.sv:70]
INFO: [Synth 8-11241] undeclared symbol 'in4', assumed default net type 'wire' [C:/Users/tolga/CS401_FPGA/CS401_LAB5/skeleton_project/skeleton_project.srcs/sources_1/new/top.sv:70]
INFO: [Synth 8-11241] undeclared symbol 'in3', assumed default net type 'wire' [C:/Users/tolga/CS401_FPGA/CS401_LAB5/skeleton_project/skeleton_project.srcs/sources_1/new/top.sv:70]
INFO: [Synth 8-11241] undeclared symbol 'in2', assumed default net type 'wire' [C:/Users/tolga/CS401_FPGA/CS401_LAB5/skeleton_project/skeleton_project.srcs/sources_1/new/top.sv:70]
INFO: [Synth 8-11241] undeclared symbol 'in1', assumed default net type 'wire' [C:/Users/tolga/CS401_FPGA/CS401_LAB5/skeleton_project/skeleton_project.srcs/sources_1/new/top.sv:70]
INFO: [Synth 8-11241] undeclared symbol 'in0', assumed default net type 'wire' [C:/Users/tolga/CS401_FPGA/CS401_LAB5/skeleton_project/skeleton_project.srcs/sources_1/new/top.sv:70]
WARNING: [Synth 8-8895] 'in7' is already implicitly declared on line 70 [C:/Users/tolga/CS401_FPGA/CS401_LAB5/skeleton_project/skeleton_project.srcs/sources_1/new/top.sv:81]
WARNING: [Synth 8-8895] 'in6' is already implicitly declared on line 70 [C:/Users/tolga/CS401_FPGA/CS401_LAB5/skeleton_project/skeleton_project.srcs/sources_1/new/top.sv:81]
WARNING: [Synth 8-8895] 'in5' is already implicitly declared on line 70 [C:/Users/tolga/CS401_FPGA/CS401_LAB5/skeleton_project/skeleton_project.srcs/sources_1/new/top.sv:81]
WARNING: [Synth 8-8895] 'in4' is already implicitly declared on line 70 [C:/Users/tolga/CS401_FPGA/CS401_LAB5/skeleton_project/skeleton_project.srcs/sources_1/new/top.sv:81]
WARNING: [Synth 8-8895] 'in3' is already implicitly declared on line 70 [C:/Users/tolga/CS401_FPGA/CS401_LAB5/skeleton_project/skeleton_project.srcs/sources_1/new/top.sv:81]
WARNING: [Synth 8-8895] 'in2' is already implicitly declared on line 70 [C:/Users/tolga/CS401_FPGA/CS401_LAB5/skeleton_project/skeleton_project.srcs/sources_1/new/top.sv:81]
WARNING: [Synth 8-8895] 'in1' is already implicitly declared on line 70 [C:/Users/tolga/CS401_FPGA/CS401_LAB5/skeleton_project/skeleton_project.srcs/sources_1/new/top.sv:81]
WARNING: [Synth 8-8895] 'in0' is already implicitly declared on line 70 [C:/Users/tolga/CS401_FPGA/CS401_LAB5/skeleton_project/skeleton_project.srcs/sources_1/new/top.sv:81]
WARNING: [Synth 8-6901] identifier 'state' is used before its declaration [C:/Users/tolga/CS401_FPGA/CS401_LAB5/skeleton_project/skeleton_project.srcs/sources_1/new/top.sv:21]
WARNING: [Synth 8-6901] identifier 'S_COMPUTE' is used before its declaration [C:/Users/tolga/CS401_FPGA/CS401_LAB5/skeleton_project/skeleton_project.srcs/sources_1/new/top.sv:21]
---------------------------------------------------------------------------------
Starting RTL Elaboration : Time (s): cpu = 00:00:04 ; elapsed = 00:00:04 . Memory (MB): peak = 1275.840 ; gain = 411.109
---------------------------------------------------------------------------------
INFO: [Synth 8-6157] synthesizing module 'top' [C:/Users/tolga/CS401_FPGA/CS401_LAB5/skeleton_project/skeleton_project.srcs/sources_1/new/top.sv:2]
INFO: [Synth 8-6157] synthesizing module 'debouncer' [C:/Users/tolga/CS401_FPGA/CS401_LAB5/skeleton_project/skeleton_project.srcs/sources_1/new/debouncer.sv:3]
INFO: [Synth 8-6155] done synthesizing module 'debouncer' (0#1) [C:/Users/tolga/CS401_FPGA/CS401_LAB5/skeleton_project/skeleton_project.srcs/sources_1/new/debouncer.sv:3]
INFO: [Synth 8-6157] synthesizing module 'mips_top' [C:/Users/tolga/CS401_FPGA/CS401_LAB5/skeleton_project/skeleton_project.srcs/sources_1/new/mips.sv:3]
INFO: [Synth 8-6157] synthesizing module 'mips' [C:/Users/tolga/CS401_FPGA/CS401_LAB5/skeleton_project/skeleton_project.srcs/sources_1/new/mips.sv:23]
INFO: [Synth 8-6157] synthesizing module 'controller' [C:/Users/tolga/CS401_FPGA/CS401_LAB5/skeleton_project/skeleton_project.srcs/sources_1/new/mips.sv:552]
INFO: [Synth 8-6157] synthesizing module 'maindec' [C:/Users/tolga/CS401_FPGA/CS401_LAB5/skeleton_project/skeleton_project.srcs/sources_1/new/mips.sv:568]
INFO: [Synth 8-6155] done synthesizing module 'maindec' (0#1) [C:/Users/tolga/CS401_FPGA/CS401_LAB5/skeleton_project/skeleton_project.srcs/sources_1/new/mips.sv:568]
INFO: [Synth 8-6157] synthesizing module 'aludec' [C:/Users/tolga/CS401_FPGA/CS401_LAB5/skeleton_project/skeleton_project.srcs/sources_1/new/mips.sv:592]
INFO: [Synth 8-6155] done synthesizing module 'aludec' (0#1) [C:/Users/tolga/CS401_FPGA/CS401_LAB5/skeleton_project/skeleton_project.srcs/sources_1/new/mips.sv:592]
INFO: [Synth 8-6155] done synthesizing module 'controller' (0#1) [C:/Users/tolga/CS401_FPGA/CS401_LAB5/skeleton_project/skeleton_project.srcs/sources_1/new/mips.sv:552]
INFO: [Synth 8-6157] synthesizing module 'datapath' [C:/Users/tolga/CS401_FPGA/CS401_LAB5/skeleton_project/skeleton_project.srcs/sources_1/new/mips.sv:149]
INFO: [Synth 8-6157] synthesizing module 'PipeWtoF' [C:/Users/tolga/CS401_FPGA/CS401_LAB5/skeleton_project/skeleton_project.srcs/sources_1/new/mips.sv:381]
INFO: [Synth 8-6155] done synthesizing module 'PipeWtoF' (0#1) [C:/Users/tolga/CS401_FPGA/CS401_LAB5/skeleton_project/skeleton_project.srcs/sources_1/new/mips.sv:381]
INFO: [Synth 8-6157] synthesizing module 'mux2' [C:/Users/tolga/CS401_FPGA/CS401_LAB5/skeleton_project/skeleton_project.srcs/sources_1/new/mips.sv:681]
	Parameter WIDTH bound to: 32 - type: integer 
INFO: [Synth 8-6155] done synthesizing module 'mux2' (0#1) [C:/Users/tolga/CS401_FPGA/CS401_LAB5/skeleton_project/skeleton_project.srcs/sources_1/new/mips.sv:681]
INFO: [Synth 8-6157] synthesizing module 'imem' [C:/Users/tolga/CS401_FPGA/CS401_LAB5/skeleton_project/skeleton_project.srcs/sources_1/new/mips.sv:52]
INFO: [Synth 8-6155] done synthesizing module 'imem' (0#1) [C:/Users/tolga/CS401_FPGA/CS401_LAB5/skeleton_project/skeleton_project.srcs/sources_1/new/mips.sv:52]
INFO: [Synth 8-6157] synthesizing module 'PipeFtoD' [C:/Users/tolga/CS401_FPGA/CS401_LAB5/skeleton_project/skeleton_project.srcs/sources_1/new/mips.sv:362]
INFO: [Synth 8-6155] done synthesizing module 'PipeFtoD' (0#1) [C:/Users/tolga/CS401_FPGA/CS401_LAB5/skeleton_project/skeleton_project.srcs/sources_1/new/mips.sv:362]
INFO: [Synth 8-6157] synthesizing module 'regfile' [C:/Users/tolga/CS401_FPGA/CS401_LAB5/skeleton_project/skeleton_project.srcs/sources_1/new/mips.sv:630]
INFO: [Synth 8-6155] done synthesizing module 'regfile' (0#1) [C:/Users/tolga/CS401_FPGA/CS401_LAB5/skeleton_project/skeleton_project.srcs/sources_1/new/mips.sv:630]
INFO: [Synth 8-6157] synthesizing module 'signext' [C:/Users/tolga/CS401_FPGA/CS401_LAB5/skeleton_project/skeleton_project.srcs/sources_1/new/mips.sv:663]
INFO: [Synth 8-6155] done synthesizing module 'signext' (0#1) [C:/Users/tolga/CS401_FPGA/CS401_LAB5/skeleton_project/skeleton_project.srcs/sources_1/new/mips.sv:663]
INFO: [Synth 8-6157] synthesizing module 'sl2' [C:/Users/tolga/CS401_FPGA/CS401_LAB5/skeleton_project/skeleton_project.srcs/sources_1/new/mips.sv:657]
INFO: [Synth 8-6155] done synthesizing module 'sl2' (0#1) [C:/Users/tolga/CS401_FPGA/CS401_LAB5/skeleton_project/skeleton_project.srcs/sources_1/new/mips.sv:657]
INFO: [Synth 8-6157] synthesizing module 'adder' [C:/Users/tolga/CS401_FPGA/CS401_LAB5/skeleton_project/skeleton_project.srcs/sources_1/new/mips.sv:651]
INFO: [Synth 8-6155] done synthesizing module 'adder' (0#1) [C:/Users/tolga/CS401_FPGA/CS401_LAB5/skeleton_project/skeleton_project.srcs/sources_1/new/mips.sv:651]
INFO: [Synth 8-6157] synthesizing module 'PipeDtoE' [C:/Users/tolga/CS401_FPGA/CS401_LAB5/skeleton_project/skeleton_project.srcs/sources_1/new/mips.sv:392]
INFO: [Synth 8-6155] done synthesizing module 'PipeDtoE' (0#1) [C:/Users/tolga/CS401_FPGA/CS401_LAB5/skeleton_project/skeleton_project.srcs/sources_1/new/mips.sv:392]
INFO: [Synth 8-6157] synthesizing module 'alu' [C:/Users/tolga/CS401_FPGA/CS401_LAB5/skeleton_project/skeleton_project.srcs/sources_1/new/mips.sv:612]
INFO: [Synth 8-6155] done synthesizing module 'alu' (0#1) [C:/Users/tolga/CS401_FPGA/CS401_LAB5/skeleton_project/skeleton_project.srcs/sources_1/new/mips.sv:612]
WARNING: [Synth 8-7071] port 'zero' of module 'alu' is unconnected for instance 'alu' [C:/Users/tolga/CS401_FPGA/CS401_LAB5/skeleton_project/skeleton_project.srcs/sources_1/new/mips.sv:277]
WARNING: [Synth 8-7023] instance 'alu' of module 'alu' has 5 connections declared, but only 4 given [C:/Users/tolga/CS401_FPGA/CS401_LAB5/skeleton_project/skeleton_project.srcs/sources_1/new/mips.sv:277]
INFO: [Synth 8-6157] synthesizing module 'mux2__parameterized0' [C:/Users/tolga/CS401_FPGA/CS401_LAB5/skeleton_project/skeleton_project.srcs/sources_1/new/mips.sv:681]
	Parameter WIDTH bound to: 5 - type: integer 
INFO: [Synth 8-6155] done synthesizing module 'mux2__parameterized0' (0#1) [C:/Users/tolga/CS401_FPGA/CS401_LAB5/skeleton_project/skeleton_project.srcs/sources_1/new/mips.sv:681]
INFO: [Synth 8-6157] synthesizing module 'syscall_handler' [C:/Users/tolga/CS401_FPGA/CS401_LAB5/skeleton_project/skeleton_project.srcs/sources_1/new/mips.sv:340]
INFO: [Synth 8-6155] done synthesizing module 'syscall_handler' (0#1) [C:/Users/tolga/CS401_FPGA/CS401_LAB5/skeleton_project/skeleton_project.srcs/sources_1/new/mips.sv:340]
INFO: [Synth 8-6157] synthesizing module 'PipeEtoM' [C:/Users/tolga/CS401_FPGA/CS401_LAB5/skeleton_project/skeleton_project.srcs/sources_1/new/mips.sv:452]
INFO: [Synth 8-6155] done synthesizing module 'PipeEtoM' (0#1) [C:/Users/tolga/CS401_FPGA/CS401_LAB5/skeleton_project/skeleton_project.srcs/sources_1/new/mips.sv:452]
INFO: [Synth 8-6157] synthesizing module 'dmem' [C:/Users/tolga/CS401_FPGA/CS401_LAB5/skeleton_project/skeleton_project.srcs/sources_1/new/mips.sv:135]
INFO: [Synth 8-6155] done synthesizing module 'dmem' (0#1) [C:/Users/tolga/CS401_FPGA/CS401_LAB5/skeleton_project/skeleton_project.srcs/sources_1/new/mips.sv:135]
INFO: [Synth 8-6157] synthesizing module 'PipeMtoW' [C:/Users/tolga/CS401_FPGA/CS401_LAB5/skeleton_project/skeleton_project.srcs/sources_1/new/mips.sv:472]
INFO: [Synth 8-6155] done synthesizing module 'PipeMtoW' (0#1) [C:/Users/tolga/CS401_FPGA/CS401_LAB5/skeleton_project/skeleton_project.srcs/sources_1/new/mips.sv:472]
INFO: [Synth 8-6157] synthesizing module 'HazardUnit' [C:/Users/tolga/CS401_FPGA/CS401_LAB5/skeleton_project/skeleton_project.srcs/sources_1/new/mips.sv:492]
INFO: [Synth 8-6155] done synthesizing module 'HazardUnit' (0#1) [C:/Users/tolga/CS401_FPGA/CS401_LAB5/skeleton_project/skeleton_project.srcs/sources_1/new/mips.sv:492]
INFO: [Synth 8-6155] done synthesizing module 'datapath' (0#1) [C:/Users/tolga/CS401_FPGA/CS401_LAB5/skeleton_project/skeleton_project.srcs/sources_1/new/mips.sv:149]
INFO: [Synth 8-6155] done synthesizing module 'mips' (0#1) [C:/Users/tolga/CS401_FPGA/CS401_LAB5/skeleton_project/skeleton_project.srcs/sources_1/new/mips.sv:23]
INFO: [Synth 8-6155] done synthesizing module 'mips_top' (0#1) [C:/Users/tolga/CS401_FPGA/CS401_LAB5/skeleton_project/skeleton_project.srcs/sources_1/new/mips.sv:3]
INFO: [Synth 8-294] found qualifier unique on case statement: implementing as parallel_case [C:/Users/tolga/CS401_FPGA/CS401_LAB5/skeleton_project/skeleton_project.srcs/sources_1/new/top.sv:74]
INFO: [Synth 8-6157] synthesizing module 'display_controller' [C:/Users/tolga/CS401_FPGA/CS401_LAB5/skeleton_project/skeleton_project.srcs/sources_1/new/display_controller.sv:3]
INFO: [Synth 8-6155] done synthesizing module 'display_controller' (0#1) [C:/Users/tolga/CS401_FPGA/CS401_LAB5/skeleton_project/skeleton_project.srcs/sources_1/new/display_controller.sv:3]
INFO: [Synth 8-6155] done synthesizing module 'top' (0#1) [C:/Users/tolga/CS401_FPGA/CS401_LAB5/skeleton_project/skeleton_project.srcs/sources_1/new/top.sv:2]
INFO: [Synth 8-6071] Mark debug on the nets applies keep_hierarchy on instance 'hu'. This will prevent further optimization [C:/Users/tolga/CS401_FPGA/CS401_LAB5/skeleton_project/skeleton_project.srcs/sources_1/new/mips.sv:324]
INFO: [Synth 8-6071] Mark debug on the nets applies keep_hierarchy on instance 'pde'. This will prevent further optimization [C:/Users/tolga/CS401_FPGA/CS401_LAB5/skeleton_project/skeleton_project.srcs/sources_1/new/mips.sv:232]
INFO: [Synth 8-6071] Mark debug on the nets applies keep_hierarchy on instance 'core'. This will prevent further optimization [C:/Users/tolga/CS401_FPGA/CS401_LAB5/skeleton_project/skeleton_project.srcs/sources_1/new/mips.sv:19]
INFO: [Synth 8-6071] Mark debug on the nets applies keep_hierarchy on instance 'core'. This will prevent further optimization [C:/Users/tolga/CS401_FPGA/CS401_LAB5/skeleton_project/skeleton_project.srcs/sources_1/new/top.sv:39]
WARNING: [Synth 8-7129] Port BranchD in module HazardUnit is either unconnected or has no load
WARNING: [Synth 8-7129] Port WriteRegE[4] in module HazardUnit is either unconnected or has no load
WARNING: [Synth 8-7129] Port WriteRegE[3] in module HazardUnit is either unconnected or has no load
WARNING: [Synth 8-7129] Port WriteRegE[2] in module HazardUnit is either unconnected or has no load
WARNING: [Synth 8-7129] Port WriteRegE[1] in module HazardUnit is either unconnected or has no load
WARNING: [Synth 8-7129] Port WriteRegE[0] in module HazardUnit is either unconnected or has no load
WARNING: [Synth 8-7129] Port MemtoRegM in module HazardUnit is either unconnected or has no load
WARNING: [Synth 8-7129] Port a[31] in module dmem is either unconnected or has no load
WARNING: [Synth 8-7129] Port a[30] in module dmem is either unconnected or has no load
WARNING: [Synth 8-7129] Port a[29] in module dmem is either unconnected or has no load
WARNING: [Synth 8-7129] Port a[28] in module dmem is either unconnected or has no load
WARNING: [Synth 8-7129] Port a[27] in module dmem is either unconnected or has no load
WARNING: [Synth 8-7129] Port a[26] in module dmem is either unconnected or has no load
WARNING: [Synth 8-7129] Port a[25] in module dmem is either unconnected or has no load
WARNING: [Synth 8-7129] Port a[24] in module dmem is either unconnected or has no load
WARNING: [Synth 8-7129] Port a[23] in module dmem is either unconnected or has no load
WARNING: [Synth 8-7129] Port a[22] in module dmem is either unconnected or has no load
WARNING: [Synth 8-7129] Port a[21] in module dmem is either unconnected or has no load
WARNING: [Synth 8-7129] Port a[20] in module dmem is either unconnected or has no load
WARNING: [Synth 8-7129] Port a[19] in module dmem is either unconnected or has no load
WARNING: [Synth 8-7129] Port a[18] in module dmem is either unconnected or has no load
WARNING: [Synth 8-7129] Port a[17] in module dmem is either unconnected or has no load
WARNING: [Synth 8-7129] Port a[16] in module dmem is either unconnected or has no load
WARNING: [Synth 8-7129] Port a[15] in module dmem is either unconnected or has no load
WARNING: [Synth 8-7129] Port a[14] in module dmem is either unconnected or has no load
WARNING: [Synth 8-7129] Port a[13] in module dmem is either unconnected or has no load
WARNING: [Synth 8-7129] Port a[12] in module dmem is either unconnected or has no load
WARNING: [Synth 8-7129] Port a[11] in module dmem is either unconnected or has no load
WARNING: [Synth 8-7129] Port a[10] in module dmem is either unconnected or has no load
WARNING: [Synth 8-7129] Port a[9] in module dmem is either unconnected or has no load
WARNING: [Synth 8-7129] Port a[8] in module dmem is either unconnected or has no load
WARNING: [Synth 8-7129] Port a[1] in module dmem is either unconnected or has no load
WARNING: [Synth 8-7129] Port a[0] in module dmem is either unconnected or has no load
WARNING: [Synth 8-7129] Port a[31] in module sl2 is either unconnected or has no load
WARNING: [Synth 8-7129] Port a[30] in module sl2 is either unconnected or has no load
---------------------------------------------------------------------------------
Finished RTL Elaboration : Time (s): cpu = 00:00:05 ; elapsed = 00:00:06 . Memory (MB): peak = 1376.934 ; gain = 512.203
---------------------------------------------------------------------------------
---------------------------------------------------------------------------------
Start Handling Custom Attributes
---------------------------------------------------------------------------------
---------------------------------------------------------------------------------
Finished Handling Custom Attributes : Time (s): cpu = 00:00:05 ; elapsed = 00:00:06 . Memory (MB): peak = 1376.934 ; gain = 512.203
---------------------------------------------------------------------------------
---------------------------------------------------------------------------------
Finished RTL Optimization Phase 1 : Time (s): cpu = 00:00:05 ; elapsed = 00:00:06 . Memory (MB): peak = 1376.934 ; gain = 512.203
---------------------------------------------------------------------------------
Netlist sorting complete. Time (s): cpu = 00:00:00 ; elapsed = 00:00:00.026 . Memory (MB): peak = 1376.934 ; gain = 0.000
INFO: [Project 1-570] Preparing netlist for logic optimization

Processing XDC Constraints
Initializing timing engine
Parsing XDC File [C:/Users/tolga/CS401_FPGA/CS401_LAB5/skeleton_project/skeleton_project.srcs/constrs_1/new/constraints.xdc]
Finished Parsing XDC File [C:/Users/tolga/CS401_FPGA/CS401_LAB5/skeleton_project/skeleton_project.srcs/constrs_1/new/constraints.xdc]
INFO: [Project 1-236] Implementation specific constraints were found while reading constraint file [C:/Users/tolga/CS401_FPGA/CS401_LAB5/skeleton_project/skeleton_project.srcs/constrs_1/new/constraints.xdc]. These constraints will be ignored for synthesis but will be used in implementation. Impacted constraints are listed in the file [.Xil/top_propImpl.xdc].
Resolution: To avoid this warning, move constraints listed in [.Xil/top_propImpl.xdc] to another XDC file and exclude this new file from synthesis with the used_in_synthesis property (File Properties dialog in GUI) and re-run elaboration/synthesis.
Completed Processing XDC Constraints

Netlist sorting complete. Time (s): cpu = 00:00:00 ; elapsed = 00:00:00 . Memory (MB): peak = 1484.867 ; gain = 0.000
INFO: [Project 1-111] Unisim Transformation Summary:
No Unisim elements were transformed.

Constraint Validation Runtime : Time (s): cpu = 00:00:00 ; elapsed = 00:00:00.009 . Memory (MB): peak = 1484.867 ; gain = 0.000
INFO: [Designutils 20-5440] No compile time benefit to using incremental synthesis; A full resynthesis will be run
INFO: [Designutils 20-4379] Flow is switching to default flow due to incremental criteria not met. If you would like to alter this behaviour and have the flow terminate instead, please set the following parameter config_implementation {autoIncr.Synth.RejectBehavior Terminate}
---------------------------------------------------------------------------------
Finished Constraint Validation : Time (s): cpu = 00:00:11 ; elapsed = 00:00:12 . Memory (MB): peak = 1484.867 ; gain = 620.137
---------------------------------------------------------------------------------
---------------------------------------------------------------------------------
Start Loading Part and Timing Information
---------------------------------------------------------------------------------
Loading part: xc7a100tcsg324-1
---------------------------------------------------------------------------------
Finished Loading Part and Timing Information : Time (s): cpu = 00:00:11 ; elapsed = 00:00:12 . Memory (MB): peak = 1484.867 ; gain = 620.137
---------------------------------------------------------------------------------
---------------------------------------------------------------------------------
Start Applying 'set_property' XDC Constraints
---------------------------------------------------------------------------------
---------------------------------------------------------------------------------
Finished applying 'set_property' XDC Constraints : Time (s): cpu = 00:00:11 ; elapsed = 00:00:12 . Memory (MB): peak = 1484.867 ; gain = 620.137
---------------------------------------------------------------------------------
INFO: [Synth 8-802] inferred FSM for state register 'state_reg' in module 'top'
---------------------------------------------------------------------------------------------------
                   State |                     New Encoding |                Previous Encoding 
---------------------------------------------------------------------------------------------------
                 S_START |                               00 |                               00
               S_COMPUTE |                               01 |                               01
                  S_DONE |                               10 |                               10
---------------------------------------------------------------------------------------------------
INFO: [Synth 8-3354] encoded FSM with state register 'state_reg' using encoding 'sequential' in module 'top'
---------------------------------------------------------------------------------
Finished RTL Optimization Phase 2 : Time (s): cpu = 00:00:11 ; elapsed = 00:00:12 . Memory (MB): peak = 1484.867 ; gain = 620.137
---------------------------------------------------------------------------------
---------------------------------------------------------------------------------
Start RTL Component Statistics 
---------------------------------------------------------------------------------
Detailed RTL Component Info : 
+---Adders : 
	   2 Input   32 Bit       Adders := 3     
	   3 Input   32 Bit       Adders := 1     
	   2 Input   20 Bit       Adders := 2     
+---Registers : 
	               32 Bit    Registers := 43    
	               20 Bit    Registers := 2     
	                5 Bit    Registers := 5     
	                3 Bit    Registers := 1     
	                1 Bit    Registers := 24    
+---Muxes : 
	   2 Input   32 Bit        Muxes := 110   
	  52 Input   32 Bit        Muxes := 1     
	   4 Input   32 Bit        Muxes := 2     
	   2 Input   20 Bit        Muxes := 4     
	   9 Input    9 Bit        Muxes := 1     
	   8 Input    8 Bit        Muxes := 1     
	   2 Input    5 Bit        Muxes := 4     
	   8 Input    3 Bit        Muxes := 1     
	   2 Input    3 Bit        Muxes := 1     
	   2 Input    2 Bit        Muxes := 2     
	   3 Input    2 Bit        Muxes := 1     
	   2 Input    1 Bit        Muxes := 101   
	   3 Input    1 Bit        Muxes := 1     
---------------------------------------------------------------------------------
Finished RTL Component Statistics 
---------------------------------------------------------------------------------
---------------------------------------------------------------------------------
Start Part Resource Summary
---------------------------------------------------------------------------------
Part Resources:
DSPs: 240 (col length:80)
BRAMs: 270 (col length: RAMB18 80 RAMB36 40)
---------------------------------------------------------------------------------
Finished Part Resource Summary
---------------------------------------------------------------------------------
---------------------------------------------------------------------------------
Start Cross Boundary and Area Optimization
---------------------------------------------------------------------------------
WARNING: [Synth 8-7080] Parallel synthesis criteria is not met
WARNING: [Synth 8-3917] design top has port dp driven by constant 1
WARNING: [Synth 8-7129] Port BranchD in module HazardUnit is either unconnected or has no load
WARNING: [Synth 8-7129] Port WriteRegE[4] in module HazardUnit is either unconnected or has no load
WARNING: [Synth 8-7129] Port WriteRegE[3] in module HazardUnit is either unconnected or has no load
WARNING: [Synth 8-7129] Port WriteRegE[2] in module HazardUnit is either unconnected or has no load
WARNING: [Synth 8-7129] Port WriteRegE[1] in module HazardUnit is either unconnected or has no load
WARNING: [Synth 8-7129] Port WriteRegE[0] in module HazardUnit is either unconnected or has no load
WARNING: [Synth 8-7129] Port MemtoRegM in module HazardUnit is either unconnected or has no load
---------------------------------------------------------------------------------
Finished Cross Boundary and Area Optimization : Time (s): cpu = 00:00:19 ; elapsed = 00:00:20 . Memory (MB): peak = 1484.867 ; gain = 620.137
---------------------------------------------------------------------------------
---------------------------------------------------------------------------------
Start ROM, RAM, DSP, Shift Register and Retiming Reporting
---------------------------------------------------------------------------------

Block RAM: Preliminary Mapping Report (see note below)
+------------+---------------+------------------------+---+---+------------------------+---+---+------------------+--------+--------+
|Module Name | RTL Object    | PORT A (Depth x Width) | W | R | PORT B (Depth x Width) | W | R | Ports driving FF | RAMB18 | RAMB36 | 
+------------+---------------+------------------------+---+---+------------------------+---+---+------------------+--------+--------+
|core/core   | DP/DM/RAM_reg | 64 x 32(READ_FIRST)    | W | R |                        |   |   | Port A           | 1      | 0      | 
+------------+---------------+------------------------+---+---+------------------------+---+---+------------------+--------+--------+

Note: The table above is a preliminary report that shows the Block RAMs at the current stage of the synthesis flow. Some Block RAMs may be reimplemented as non Block RAM primitives later in the synthesis flow. Multiple instantiated Block RAMs are reported only once. 
---------------------------------------------------------------------------------
Finished ROM, RAM, DSP, Shift Register and Retiming Reporting
---------------------------------------------------------------------------------
---------------------------------------------------------------------------------
Start Applying XDC Timing Constraints
---------------------------------------------------------------------------------
---------------------------------------------------------------------------------
Finished Applying XDC Timing Constraints : Time (s): cpu = 00:00:22 ; elapsed = 00:00:23 . Memory (MB): peak = 1484.867 ; gain = 620.137
---------------------------------------------------------------------------------
---------------------------------------------------------------------------------
Start Timing Optimization
---------------------------------------------------------------------------------
---------------------------------------------------------------------------------
Finished Timing Optimization : Time (s): cpu = 00:00:28 ; elapsed = 00:00:30 . Memory (MB): peak = 1521.914 ; gain = 657.184
---------------------------------------------------------------------------------
---------------------------------------------------------------------------------
Start ROM, RAM, DSP, Shift Register and Retiming Reporting
---------------------------------------------------------------------------------

Block RAM: Final Mapping Report
+------------+---------------+------------------------+---+---+------------------------+---+---+------------------+--------+--------+
|Module Name | RTL Object    | PORT A (Depth x Width) | W | R | PORT B (Depth x Width) | W | R | Ports driving FF | RAMB18 | RAMB36 | 
+------------+---------------+------------------------+---+---+------------------------+---+---+------------------+--------+--------+
|core/core   | DP/DM/RAM_reg | 64 x 32(READ_FIRST)    | W | R |                        |   |   | Port A           | 1      | 0      | 
+------------+---------------+------------------------+---+---+------------------------+---+---+------------------+--------+--------+

---------------------------------------------------------------------------------
Finished ROM, RAM, DSP, Shift Register and Retiming Reporting
---------------------------------------------------------------------------------
---------------------------------------------------------------------------------
Start Technology Mapping
---------------------------------------------------------------------------------
INFO: [Synth 8-7052] The timing for the instance core/core/DP/DM/RAM_reg (implemented as a Block RAM) might be sub-optimal as no optional output register could be merged into the ram block. Providing additional output register may help in improving timing.
INFO: [Synth 8-7052] The timing for the instance core/core/DP/DM/RAM_reg (implemented as a Block RAM) might be sub-optimal as no optional output register could be merged into the ram block. Providing additional output register may help in improving timing.
---------------------------------------------------------------------------------
Finished Technology Mapping : Time (s): cpu = 00:00:30 ; elapsed = 00:00:31 . Memory (MB): peak = 1521.934 ; gain = 657.203
---------------------------------------------------------------------------------
---------------------------------------------------------------------------------
Start IO Insertion
---------------------------------------------------------------------------------
---------------------------------------------------------------------------------
Start Flattening Before IO Insertion
---------------------------------------------------------------------------------
---------------------------------------------------------------------------------
Finished Flattening Before IO Insertion
---------------------------------------------------------------------------------
---------------------------------------------------------------------------------
Start Final Netlist Cleanup
---------------------------------------------------------------------------------
---------------------------------------------------------------------------------
Finished Final Netlist Cleanup
---------------------------------------------------------------------------------
---------------------------------------------------------------------------------
Finished IO Insertion : Time (s): cpu = 00:00:33 ; elapsed = 00:00:35 . Memory (MB): peak = 1521.934 ; gain = 657.203
---------------------------------------------------------------------------------
---------------------------------------------------------------------------------
Start Renaming Generated Instances
---------------------------------------------------------------------------------
---------------------------------------------------------------------------------
Finished Renaming Generated Instances : Time (s): cpu = 00:00:33 ; elapsed = 00:00:35 . Memory (MB): peak = 1521.934 ; gain = 657.203
---------------------------------------------------------------------------------
---------------------------------------------------------------------------------
Start Rebuilding User Hierarchy
---------------------------------------------------------------------------------
---------------------------------------------------------------------------------
Finished Rebuilding User Hierarchy : Time (s): cpu = 00:00:34 ; elapsed = 00:00:35 . Memory (MB): peak = 1521.934 ; gain = 657.203
---------------------------------------------------------------------------------
---------------------------------------------------------------------------------
Start Renaming Generated Ports
---------------------------------------------------------------------------------
---------------------------------------------------------------------------------
Finished Renaming Generated Ports : Time (s): cpu = 00:00:34 ; elapsed = 00:00:35 . Memory (MB): peak = 1521.934 ; gain = 657.203
---------------------------------------------------------------------------------
---------------------------------------------------------------------------------
Start Handling Custom Attributes
---------------------------------------------------------------------------------
---------------------------------------------------------------------------------
Finished Handling Custom Attributes : Time (s): cpu = 00:00:34 ; elapsed = 00:00:35 . Memory (MB): peak = 1521.934 ; gain = 657.203
---------------------------------------------------------------------------------
---------------------------------------------------------------------------------
Start Renaming Generated Nets
---------------------------------------------------------------------------------
---------------------------------------------------------------------------------
Finished Renaming Generated Nets : Time (s): cpu = 00:00:34 ; elapsed = 00:00:35 . Memory (MB): peak = 1521.934 ; gain = 657.203
---------------------------------------------------------------------------------
---------------------------------------------------------------------------------
Start Writing Synthesis Report
---------------------------------------------------------------------------------

Report BlackBoxes: 
+-+--------------+----------+
| |BlackBox name |Instances |
+-+--------------+----------+
+-+--------------+----------+

Report Cell Usage: 
+------+---------+------+
|      |Cell     |Count |
+------+---------+------+
|1     |BUFG     |     1|
|2     |CARRY4   |    62|
|3     |LUT1     |     5|
|4     |LUT2     |   175|
|5     |LUT3     |   123|
|6     |LUT4     |   242|
|7     |LUT5     |   191|
|8     |LUT6     |   883|
|9     |MUXF7    |   260|
|10    |MUXF8    |   128|
|11    |RAMB18E1 |     1|
|12    |FDCE     |   391|
|13    |FDRE     |  1010|
|14    |IBUF     |    20|
|15    |OBUF     |    18|
+------+---------+------+
---------------------------------------------------------------------------------
Finished Writing Synthesis Report : Time (s): cpu = 00:00:34 ; elapsed = 00:00:35 . Memory (MB): peak = 1521.934 ; gain = 657.203
---------------------------------------------------------------------------------
Synthesis finished with 0 errors, 0 critical warnings and 9 warnings.
Synthesis Optimization Runtime : Time (s): cpu = 00:00:27 ; elapsed = 00:00:34 . Memory (MB): peak = 1521.934 ; gain = 549.270
Synthesis Optimization Complete : Time (s): cpu = 00:00:34 ; elapsed = 00:00:36 . Memory (MB): peak = 1521.934 ; gain = 657.203
INFO: [Project 1-571] Translating synthesized netlist
Netlist sorting complete. Time (s): cpu = 00:00:00 ; elapsed = 00:00:00.027 . Memory (MB): peak = 1533.785 ; gain = 0.000
INFO: [Netlist 29-17] Analyzing 451 Unisim elements for replacement
INFO: [Netlist 29-28] Unisim Transformation completed in 0 CPU seconds
INFO: [Project 1-570] Preparing netlist for logic optimization
INFO: [Opt 31-138] Pushed 0 inverter(s) to 0 load pin(s).
Netlist sorting complete. Time (s): cpu = 00:00:00 ; elapsed = 00:00:00.001 . Memory (MB): peak = 1537.457 ; gain = 0.000
INFO: [Project 1-111] Unisim Transformation Summary:
No Unisim elements were transformed.

Synth Design complete | Checksum: 2840773
INFO: [Common 17-83] Releasing license: Synthesis
88 Infos, 56 Warnings, 0 Critical Warnings and 0 Errors encountered.
synth_design completed successfully
synth_design: Time (s): cpu = 00:00:38 ; elapsed = 00:00:40 . Memory (MB): peak = 1537.457 ; gain = 1070.367
INFO: [Common 17-1381] The checkpoint 'C:/Users/tolga/CS401_FPGA/CS401_LAB5/skeleton_project/skeleton_project.runs/synth_1/top.dcp' has been generated.
INFO: [runtcl-4] Executing : report_utilization -file top_utilization_synth.rpt -pb top_utilization_synth.pb
INFO: [Common 17-206] Exiting Vivado at Thu Dec 18 23:26:39 2025...
